2023-03-02 09:21:51.709  INFO 16172 --- [main] c.l.s.SpringLogElkApplication            : Starting SpringLogElkApplication using Java 19.0.1 on STAPPLPTAHIRUFU with PID 16172 (C:\Users\tahirufu\Personal-Projects\ElasticSLogKib\SpringBoot-ELK-Elasticsearch-Logstash-Kibana-docker-compose\target\classes started by TahiruFu in C:\Users\tahirufu\Personal-Projects\ElasticSLogKib\SpringBoot-ELK-Elasticsearch-Logstash-Kibana-docker-compose)
2023-03-02 09:21:51.712  INFO 16172 --- [main] c.l.s.SpringLogElkApplication            : No active profile set, falling back to 1 default profile: "default"
2023-03-02 09:21:52.542  INFO 16172 --- [main] o.s.b.w.embedded.tomcat.TomcatWebServer  : Tomcat initialized with port(s): 8080 (http)
2023-03-02 09:21:52.555  INFO 16172 --- [main] o.apache.catalina.core.StandardService   : Starting service [Tomcat]
2023-03-02 09:21:52.555  INFO 16172 --- [main] org.apache.catalina.core.StandardEngine  : Starting Servlet engine: [Apache Tomcat/9.0.65]
2023-03-02 09:21:52.731  INFO 16172 --- [main] o.a.c.c.C.[Tomcat].[localhost].[/]       : Initializing Spring embedded WebApplicationContext
2023-03-02 09:21:52.731  INFO 16172 --- [main] w.s.c.ServletWebServerApplicationContext : Root WebApplicationContext: initialization completed in 961 ms
2023-03-02 09:21:53.139  INFO 16172 --- [main] o.s.b.w.embedded.tomcat.TomcatWebServer  : Tomcat started on port(s): 8080 (http) with context path ''
2023-03-02 09:21:53.150  INFO 16172 --- [main] c.l.s.SpringLogElkApplication            : Started SpringLogElkApplication in 2.085 seconds (JVM running for 2.873)
2023-03-02 09:22:26.956  INFO 16172 --- [http-nio-8080-exec-1] o.a.c.c.C.[Tomcat].[localhost].[/]       : Initializing Spring DispatcherServlet 'dispatcherServlet'
2023-03-02 09:22:26.957  INFO 16172 --- [http-nio-8080-exec-1] o.s.web.servlet.DispatcherServlet        : Initializing Servlet 'dispatcherServlet'
2023-03-02 09:22:26.958  INFO 16172 --- [http-nio-8080-exec-1] o.s.web.servlet.DispatcherServlet        : Completed initialization in 1 ms
2023-03-02 09:22:26.989  INFO 16172 --- [http-nio-8080-exec-1] c.l.springlogelk.HomeController          : This Logs page 2023-03-02 09:22:26
2023-03-02 09:24:09.405  INFO 16172 --- [http-nio-8080-exec-2] c.l.springlogelk.HomeController          : This Logs page 2023-03-02 09:24:09
2023-03-02 09:24:25.025  WARN 16172 --- [http-nio-8080-exec-4] c.l.springlogelk.HomeController          : This warn page 2023-03-02 09:24:25
2023-03-02 09:26:28.037  WARN 16172 --- [http-nio-8080-exec-6] c.l.springlogelk.HomeController          : This warn page 2023-03-02 09:26:28
2023-03-02 09:27:14.443  WARN 16172 --- [http-nio-8080-exec-8] c.l.springlogelk.HomeController          : This warn page 2023-03-02 09:27:14
2023-03-02 09:27:45.581  WARN 16172 --- [http-nio-8080-exec-10] c.l.springlogelk.HomeController          : This warn page 2023-03-02 09:27:45
2023-03-02 09:29:18.865  WARN 16172 --- [http-nio-8080-exec-2] c.l.springlogelk.HomeController          : This warn page 2023-03-02 09:29:18
2023-03-02 09:29:38.227  WARN 16172 --- [http-nio-8080-exec-4] c.l.springlogelk.HomeController          : This warn page 2023-03-02 09:29:38
2023-03-02 09:29:39.852  WARN 16172 --- [http-nio-8080-exec-6] c.l.springlogelk.HomeController          : This warn page 2023-03-02 09:29:39
2023-03-02 09:30:34.332  WARN 16172 --- [http-nio-8080-exec-8] c.l.springlogelk.HomeController          : This warn page 2023-03-02 09:30:34
